e:\liu\ppqcodev3\tabletenniscln\colorcamera\colorcamera\debug\vc120.pdb
e:\liu\ppqcodev3\tabletenniscln\colorcamera\colorcamera\debug\vc120.idb
e:\liu\ppqcodev3\tabletenniscln\colorcamera\colorcamera\debug\ballfindercamera.obj
e:\liu\ppqcodev3\tabletenniscln\colorcamera\colorcamera\debug\cballmodel.obj
e:\liu\ppqcodev3\tabletenniscln\colorcamera\colorcamera\debug\crobotarm.obj
e:\liu\ppqcodev3\tabletenniscln\colorcamera\colorcamera\debug\datastruct.obj
e:\liu\ppqcodev3\tabletenniscln\colorcamera\colorcamera\debug\globlesrouce.obj
e:\liu\ppqcodev3\tabletenniscln\colorcamera\colorcamera\debug\main.obj
e:\liu\ppqcodev3\tabletenniscln\colorcamera\colorcamera\debug\mercamera.obj
e:\liu\ppqcodev3\tabletenniscln\colorcamera\colorcamera\debug\stereocamera.obj
e:\liu\ppqcodev3\tabletenniscln\colorcamera\colorcamera\debug\testpro.obj
e:\liu\ppqcodev3\tabletenniscln\debug\colorcamera.ilk
e:\liu\ppqcodev3\tabletenniscln\debug\colorcamera.exe
e:\liu\ppqcodev3\tabletenniscln\debug\colorcamera.pdb
e:\liu\ppqcodev3\tabletenniscln\colorcamera\colorcamera\..\..\debug\colorcamera.exe
e:\liu\ppqcodev3\tabletenniscln\colorcamera\colorcamera\debug\colorcamera.tlog\cl.command.1.tlog
e:\liu\ppqcodev3\tabletenniscln\colorcamera\colorcamera\debug\colorcamera.tlog\cl.read.1.tlog
e:\liu\ppqcodev3\tabletenniscln\colorcamera\colorcamera\debug\colorcamera.tlog\cl.write.1.tlog
e:\liu\ppqcodev3\tabletenniscln\colorcamera\colorcamera\debug\colorcamera.tlog\link.command.1.tlog
e:\liu\ppqcodev3\tabletenniscln\colorcamera\colorcamera\debug\colorcamera.tlog\link.read.1.tlog
e:\liu\ppqcodev3\tabletenniscln\colorcamera\colorcamera\debug\colorcamera.tlog\link.write.1.tlog
